<?xml version="1.0" encoding="UTF-8"?>
<!-- Generated by org.testng.reporters.JUnitXMLReporter -->
<testsuite ignored="0" hostname="DESKTOP-SS6U1AJ" failures="0" tests="8" name="Default test" time="15.942" errors="0" timestamp="2022-02-26T00:18:51 IST">
  <testcase classname="com.test.DemoWebSite" name="Alert" time="0.103"/>
  <testcase classname="com.test.DemoWebSite" name="SearchWikipidia" time="0.259"/>
  <testcase classname="com.test.DemoWebSite" name="age" time="0.152"/>
  <testcase classname="com.test.DemoWebSite" name="datepic" time="0.285"/>
  <testcase classname="com.test.DemoWebSite" name="drag" time="0.387"/>
  <testcase classname="com.test.DemoWebSite" name="getLaples" time="0.086"/>
  <testcase classname="com.test.DemoWebSite" name="select" time="0.264"/>
  <testcase classname="com.test.DemoWebSite" name="signUp" time="3.961"/>
</testsuite> <!-- Default test -->
