<?xml version="1.0" encoding="UTF-8"?>
<testng-results ignored="0" total="8" passed="8" failed="0" skipped="0">
  <reporter-output>
  </reporter-output>
  <suite started-at="2022-02-26T00:18:35 IST" name="Default suite" finished-at="2022-02-26T00:18:51 IST" duration-ms="15942">
    <groups>
    </groups>
    <test started-at="2022-02-26T00:18:35 IST" name="Default test" finished-at="2022-02-26T00:18:51 IST" duration-ms="15942">
      <class name="com.test.DemoWebSite">
        <test-method is-config="true" signature="setup()[pri:0, instance:com.test.DemoWebSite@72e5a8e]" started-at="2022-02-26T00:18:32 IST" name="setup" finished-at="2022-02-26T00:18:35 IST" duration-ms="2906" status="PASS">
          <reporter-output>
          </reporter-output>
        </test-method> <!-- setup -->
        <test-method is-config="true" signature="url()[pri:0, instance:com.test.DemoWebSite@72e5a8e]" started-at="2022-02-26T00:18:35 IST" name="url" finished-at="2022-02-26T00:18:46 IST" duration-ms="10363" status="PASS">
          <reporter-output>
          </reporter-output>
        </test-method> <!-- url -->
        <test-method signature="Alert()[pri:0, instance:com.test.DemoWebSite@72e5a8e]" started-at="2022-02-26T00:18:46 IST" name="Alert" finished-at="2022-02-26T00:18:46 IST" duration-ms="103" status="PASS">
          <reporter-output>
          </reporter-output>
        </test-method> <!-- Alert -->
        <test-method signature="SearchWikipidia()[pri:0, instance:com.test.DemoWebSite@72e5a8e]" started-at="2022-02-26T00:18:46 IST" name="SearchWikipidia" finished-at="2022-02-26T00:18:46 IST" duration-ms="259" status="PASS">
          <reporter-output>
          </reporter-output>
        </test-method> <!-- SearchWikipidia -->
        <test-method signature="age()[pri:0, instance:com.test.DemoWebSite@72e5a8e]" started-at="2022-02-26T00:18:46 IST" name="age" finished-at="2022-02-26T00:18:46 IST" duration-ms="152" status="PASS">
          <reporter-output>
          </reporter-output>
        </test-method> <!-- age -->
        <test-method signature="datepic()[pri:0, instance:com.test.DemoWebSite@72e5a8e]" started-at="2022-02-26T00:18:46 IST" name="datepic" finished-at="2022-02-26T00:18:46 IST" duration-ms="285" status="PASS">
          <reporter-output>
          </reporter-output>
        </test-method> <!-- datepic -->
        <test-method signature="drag()[pri:0, instance:com.test.DemoWebSite@72e5a8e]" started-at="2022-02-26T00:18:46 IST" name="drag" finished-at="2022-02-26T00:18:47 IST" duration-ms="387" status="PASS">
          <reporter-output>
          </reporter-output>
        </test-method> <!-- drag -->
        <test-method signature="getLaples()[pri:0, instance:com.test.DemoWebSite@72e5a8e]" started-at="2022-02-26T00:18:47 IST" name="getLaples" finished-at="2022-02-26T00:18:47 IST" duration-ms="86" status="PASS">
          <reporter-output>
          </reporter-output>
        </test-method> <!-- getLaples -->
        <test-method signature="select()[pri:0, instance:com.test.DemoWebSite@72e5a8e]" started-at="2022-02-26T00:18:47 IST" name="select" finished-at="2022-02-26T00:18:47 IST" duration-ms="264" status="PASS">
          <reporter-output>
          </reporter-output>
        </test-method> <!-- select -->
        <test-method signature="signUp()[pri:0, instance:com.test.DemoWebSite@72e5a8e]" started-at="2022-02-26T00:18:47 IST" name="signUp" finished-at="2022-02-26T00:18:51 IST" duration-ms="3961" status="PASS">
          <reporter-output>
          </reporter-output>
        </test-method> <!-- signUp -->
        <test-method is-config="true" signature="closeBrowser()[pri:0, instance:com.test.DemoWebSite@72e5a8e]" started-at="2022-02-26T00:18:51 IST" name="closeBrowser" finished-at="2022-02-26T00:18:52 IST" duration-ms="793" status="PASS">
          <reporter-output>
          </reporter-output>
        </test-method> <!-- closeBrowser -->
      </class> <!-- com.test.DemoWebSite -->
    </test> <!-- Default test -->
  </suite> <!-- Default suite -->
</testng-results>
